<?xml version="1.0" ?>
<coverage branch-rate="0" branches-covered="0" branches-valid="0" complexity="0" line-rate="1" lines-covered="0" lines-valid="0" timestamp="1516984120905" version="4.4.2">
	<!-- Generated by coverage.py: https://coverage.readthedocs.io -->
	<!-- Based on https://raw.githubusercontent.com/cobertura/web/master/htdocs/xml/coverage-04.dtd -->
	<sources>
		<source>/home/mmueller/Documents/Schule/_5BHIT/A_SEW/A_04/bruc</source>
	</sources>
	<packages>
		<package branch-rate="0" complexity="0" line-rate="1" name="..test">
			<classes>
				<class branch-rate="0" complexity="0" filename="./test/__init__.py" line-rate="1" name="__init__.py">
					<methods/>
					<lines/>
				</class>
			</classes>
		</package>
	</packages>
</coverage>
